<?xml version="1.0" encoding="UTF-8"?>
<!-- Generated by org.testng.reporters.JUnitReportReporter -->
<testsuite skipped="0" hostname="360NDCLP139" name="in.amazon.testscripts.Headphones_BuyBestSeller" tests="1" failures="0" timestamp="02 Aug 2019 13:57:16 GMT" time="476.564" errors="0">
  <testcase name="headphones_BuyBestSeller" time="476.564" classname="in.amazon.testscripts.Headphones_BuyBestSeller"/>
</testsuite> <!-- in.amazon.testscripts.Headphones_BuyBestSeller -->
